<?xml version="1.0" encoding="UTF-8"?>
<testng-results ignored="0" total="3" passed="3" failed="0" skipped="0">
  <reporter-output>
  </reporter-output>
  <suite started-at="2024-05-14T15:41:16 EEST" name="Default suite" finished-at="2024-05-14T15:41:38 EEST" duration-ms="22552">
    <groups>
    </groups>
    <test started-at="2024-05-14T15:41:16 EEST" name="Default test" finished-at="2024-05-14T15:41:38 EEST" duration-ms="22552">
      <class name="testngpackage.TestClass">
        <test-method is-config="true" signature="setUp()[pri:0, instance:testngpackage.TestClass@78123e82]" started-at="2024-05-14T15:41:16 EEST" name="setUp" finished-at="2024-05-14T15:41:20 EEST" duration-ms="3729" status="PASS">
          <reporter-output>
          </reporter-output>
        </test-method> <!-- setUp -->
        <test-method signature="testOasthEpikoinwnia()[pri:0, instance:testngpackage.TestClass@78123e82]" started-at="2024-05-14T15:41:20 EEST" name="testOasthEpikoinwnia" finished-at="2024-05-14T15:41:21 EEST" duration-ms="1288" status="PASS">
          <reporter-output>
          </reporter-output>
        </test-method> <!-- testOasthEpikoinwnia -->
        <test-method signature="testIMDB()[pri:0, instance:testngpackage.TestClass@78123e82]" started-at="2024-05-14T15:41:21 EEST" name="testIMDB" finished-at="2024-05-14T15:41:32 EEST" depends-on-methods="testngpackage.TestClass.testOasthEpikoinwnia" duration-ms="10990" status="PASS">
          <reporter-output>
          </reporter-output>
        </test-method> <!-- testIMDB -->
        <test-method signature="testExamsLogin()[pri:0, instance:testngpackage.TestClass@78123e82]" started-at="2024-05-14T15:41:32 EEST" name="testExamsLogin" finished-at="2024-05-14T15:41:33 EEST" depends-on-methods="testngpackage.TestClass.testIMDB" duration-ms="1237" status="PASS">
          <reporter-output>
          </reporter-output>
        </test-method> <!-- testExamsLogin -->
        <test-method is-config="true" signature="tearDown()[pri:0, instance:testngpackage.TestClass@78123e82]" started-at="2024-05-14T15:41:33 EEST" name="tearDown" finished-at="2024-05-14T15:41:38 EEST" duration-ms="5272" status="PASS">
          <reporter-output>
          </reporter-output>
        </test-method> <!-- tearDown -->
      </class> <!-- testngpackage.TestClass -->
    </test> <!-- Default test -->
  </suite> <!-- Default suite -->
</testng-results>
