<?xml version="1.0" encoding="UTF-8"?>
<testng-results ignored="0" total="2" passed="2" failed="0" skipped="0">
  <reporter-output>
  </reporter-output>
  <suite started-at="2024-06-24T22:38:22 EEST" name="Default suite" finished-at="2024-06-24T22:38:28 EEST" duration-ms="6575">
    <groups>
    </groups>
    <test started-at="2024-06-24T22:38:22 EEST" name="Default test" finished-at="2024-06-24T22:38:28 EEST" duration-ms="6575">
      <class name="Tests.ShoppingCartTests">
        <test-method is-config="true" signature="setUp()[pri:0, instance:Tests.ShoppingCartTests@67c33749]" started-at="2024-06-24T22:38:22 EEST" name="setUp" finished-at="2024-06-24T22:38:23 EEST" duration-ms="1295" status="PASS">
          <reporter-output>
          </reporter-output>
        </test-method> <!-- setUp -->
        <test-method signature="addToCartTest()[pri:1, instance:Tests.ShoppingCartTests@67c33749]" started-at="2024-06-24T22:38:23 EEST" name="addToCartTest" finished-at="2024-06-24T22:38:25 EEST" duration-ms="1459" status="PASS">
          <reporter-output>
          </reporter-output>
        </test-method> <!-- addToCartTest -->
        <test-method signature="removeFromCartTest()[pri:2, instance:Tests.ShoppingCartTests@67c33749]" started-at="2024-06-24T22:38:25 EEST" name="removeFromCartTest" finished-at="2024-06-24T22:38:25 EEST" duration-ms="606" status="PASS">
          <reporter-output>
          </reporter-output>
        </test-method> <!-- removeFromCartTest -->
        <test-method is-config="true" signature="Teardown()[pri:0, instance:Tests.ShoppingCartTests@67c33749]" started-at="2024-06-24T22:38:25 EEST" name="Teardown" finished-at="2024-06-24T22:38:28 EEST" duration-ms="3179" status="PASS">
          <reporter-output>
          </reporter-output>
        </test-method> <!-- Teardown -->
      </class> <!-- Tests.ShoppingCartTests -->
    </test> <!-- Default test -->
  </suite> <!-- Default suite -->
</testng-results>
