<?xml version="1.0" encoding="UTF-8"?>
<!-- Generated by org.testng.reporters.JUnitXMLReporter -->
<testsuite ignored="0" hostname="SofoPc" failures="0" tests="3" name="Default test" time="22.552" errors="0" timestamp="2024-05-14T15:41:38 EEST">
  <testcase classname="testngpackage.TestClass" name="testOasthEpikoinwnia" time="1.288"/>
  <testcase classname="testngpackage.TestClass" name="testIMDB" time="10.99"/>
  <testcase classname="testngpackage.TestClass" name="testExamsLogin" time="1.237"/>
</testsuite> <!-- Default test -->
